  Determining projects to restore...
  All projects are up-to-date for restore.
  hft.core -> C:\hft_platform\core\hft.core\bin\Debug\net8.0\hft.core.dll
C:\hft_platform\backtest\hft.orderbook\AuditEvents.cs(405,10): error CS0592: Attribute 'MethodImpl' is not valid on this declaration type. It is only valid on 'constructor, method' declarations. [C:\hft_platform\backtest\hft.orderbook\hft.orderbook.csproj]
C:\hft_platform\backtest\hft.orderbook\AuditEvents.cs(411,10): error CS0592: Attribute 'MethodImpl' is not valid on this declaration type. It is only valid on 'constructor, method' declarations. [C:\hft_platform\backtest\hft.orderbook\hft.orderbook.csproj]
C:\hft_platform\backtest\hft.orderbook\BinaryLogFormat.cs(62,31): error CS0214: Pointers and fixed size buffers may only be used in an unsafe context [C:\hft_platform\backtest\hft.orderbook\hft.orderbook.csproj]
C:\hft_platform\backtest\hft.orderbook\OrderBookTypes.cs(311,10): error CS0592: Attribute 'MethodImpl' is not valid on this declaration type. It is only valid on 'constructor, method' declarations. [C:\hft_platform\backtest\hft.orderbook\hft.orderbook.csproj]
C:\hft_platform\backtest\hft.orderbook\OrderBookTypes.cs(317,10): error CS0592: Attribute 'MethodImpl' is not valid on this declaration type. It is only valid on 'constructor, method' declarations. [C:\hft_platform\backtest\hft.orderbook\hft.orderbook.csproj]
C:\hft_platform\backtest\hft.orderbook\OrderBookTypes.cs(323,10): error CS0592: Attribute 'MethodImpl' is not valid on this declaration type. It is only valid on 'constructor, method' declarations. [C:\hft_platform\backtest\hft.orderbook\hft.orderbook.csproj]
C:\hft_platform\backtest\hft.orderbook\OrderBookTypes.cs(329,10): error CS0592: Attribute 'MethodImpl' is not valid on this declaration type. It is only valid on 'constructor, method' declarations. [C:\hft_platform\backtest\hft.orderbook\hft.orderbook.csproj]
C:\hft_platform\backtest\hft.orderbook\OrderBookTypes.cs(493,10): error CS0592: Attribute 'MethodImpl' is not valid on this declaration type. It is only valid on 'constructor, method' declarations. [C:\hft_platform\backtest\hft.orderbook\hft.orderbook.csproj]
C:\hft_platform\backtest\hft.orderbook\OrderBookTypes.cs(499,10): error CS0592: Attribute 'MethodImpl' is not valid on this declaration type. It is only valid on 'constructor, method' declarations. [C:\hft_platform\backtest\hft.orderbook\hft.orderbook.csproj]
C:\hft_platform\backtest\hft.orderbook\PriceLevel.cs(325,10): error CS0592: Attribute 'MethodImpl' is not valid on this declaration type. It is only valid on 'constructor, method' declarations. [C:\hft_platform\backtest\hft.orderbook\hft.orderbook.csproj]
C:\hft_platform\backtest\hft.orderbook\OrderBookTypes.cs(447,10): error CS0592: Attribute 'MethodImpl' is not valid on this declaration type. It is only valid on 'constructor, method' declarations. [C:\hft_platform\backtest\hft.orderbook\hft.orderbook.csproj]
C:\hft_platform\backtest\hft.orderbook\OrderBookTypes.cs(450,10): error CS0592: Attribute 'MethodImpl' is not valid on this declaration type. It is only valid on 'constructor, method' declarations. [C:\hft_platform\backtest\hft.orderbook\hft.orderbook.csproj]
C:\hft_platform\backtest\hft.orderbook\OrderBookTypes.cs(453,10): error CS0592: Attribute 'MethodImpl' is not valid on this declaration type. It is only valid on 'constructor, method' declarations. [C:\hft_platform\backtest\hft.orderbook\hft.orderbook.csproj]
C:\hft_platform\backtest\hft.orderbook\PriceLevel.cs(209,10): error CS0592: Attribute 'MethodImpl' is not valid on this declaration type. It is only valid on 'constructor, method' declarations. [C:\hft_platform\backtest\hft.orderbook\hft.orderbook.csproj]
C:\hft_platform\backtest\hft.orderbook\PriceLevel.cs(215,10): error CS0592: Attribute 'MethodImpl' is not valid on this declaration type. It is only valid on 'constructor, method' declarations. [C:\hft_platform\backtest\hft.orderbook\hft.orderbook.csproj]
C:\hft_platform\backtest\hft.orderbook\BinaryLogFormat.cs(51,10): error CS0246: The type or namespace name 'StructLayoutAttribute' could not be found (are you missing a using directive or an assembly reference?) [C:\hft_platform\backtest\hft.orderbook\hft.orderbook.csproj]
C:\hft_platform\backtest\hft.orderbook\BinaryLogFormat.cs(51,10): error CS0246: The type or namespace name 'StructLayout' could not be found (are you missing a using directive or an assembly reference?) [C:\hft_platform\backtest\hft.orderbook\hft.orderbook.csproj]
C:\hft_platform\backtest\hft.orderbook\BinaryLogFormat.cs(51,23): error CS0103: The name 'LayoutKind' does not exist in the current context [C:\hft_platform\backtest\hft.orderbook\hft.orderbook.csproj]
C:\hft_platform\backtest\hft.orderbook\BinaryLogFormat.cs(68,10): error CS0246: The type or namespace name 'StructLayoutAttribute' could not be found (are you missing a using directive or an assembly reference?) [C:\hft_platform\backtest\hft.orderbook\hft.orderbook.csproj]
C:\hft_platform\backtest\hft.orderbook\BinaryLogFormat.cs(68,10): error CS0246: The type or namespace name 'StructLayout' could not be found (are you missing a using directive or an assembly reference?) [C:\hft_platform\backtest\hft.orderbook\hft.orderbook.csproj]
C:\hft_platform\backtest\hft.orderbook\BinaryLogFormat.cs(68,23): error CS0103: The name 'LayoutKind' does not exist in the current context [C:\hft_platform\backtest\hft.orderbook\hft.orderbook.csproj]

Build FAILED.

C:\hft_platform\backtest\hft.orderbook\AuditEvents.cs(405,10): error CS0592: Attribute 'MethodImpl' is not valid on this declaration type. It is only valid on 'constructor, method' declarations. [C:\hft_platform\backtest\hft.orderbook\hft.orderbook.csproj]
C:\hft_platform\backtest\hft.orderbook\AuditEvents.cs(411,10): error CS0592: Attribute 'MethodImpl' is not valid on this declaration type. It is only valid on 'constructor, method' declarations. [C:\hft_platform\backtest\hft.orderbook\hft.orderbook.csproj]
C:\hft_platform\backtest\hft.orderbook\BinaryLogFormat.cs(62,31): error CS0214: Pointers and fixed size buffers may only be used in an unsafe context [C:\hft_platform\backtest\hft.orderbook\hft.orderbook.csproj]
C:\hft_platform\backtest\hft.orderbook\OrderBookTypes.cs(311,10): error CS0592: Attribute 'MethodImpl' is not valid on this declaration type. It is only valid on 'constructor, method' declarations. [C:\hft_platform\backtest\hft.orderbook\hft.orderbook.csproj]
C:\hft_platform\backtest\hft.orderbook\OrderBookTypes.cs(317,10): error CS0592: Attribute 'MethodImpl' is not valid on this declaration type. It is only valid on 'constructor, method' declarations. [C:\hft_platform\backtest\hft.orderbook\hft.orderbook.csproj]
C:\hft_platform\backtest\hft.orderbook\OrderBookTypes.cs(323,10): error CS0592: Attribute 'MethodImpl' is not valid on this declaration type. It is only valid on 'constructor, method' declarations. [C:\hft_platform\backtest\hft.orderbook\hft.orderbook.csproj]
C:\hft_platform\backtest\hft.orderbook\OrderBookTypes.cs(329,10): error CS0592: Attribute 'MethodImpl' is not valid on this declaration type. It is only valid on 'constructor, method' declarations. [C:\hft_platform\backtest\hft.orderbook\hft.orderbook.csproj]
C:\hft_platform\backtest\hft.orderbook\OrderBookTypes.cs(493,10): error CS0592: Attribute 'MethodImpl' is not valid on this declaration type. It is only valid on 'constructor, method' declarations. [C:\hft_platform\backtest\hft.orderbook\hft.orderbook.csproj]
C:\hft_platform\backtest\hft.orderbook\OrderBookTypes.cs(499,10): error CS0592: Attribute 'MethodImpl' is not valid on this declaration type. It is only valid on 'constructor, method' declarations. [C:\hft_platform\backtest\hft.orderbook\hft.orderbook.csproj]
C:\hft_platform\backtest\hft.orderbook\PriceLevel.cs(325,10): error CS0592: Attribute 'MethodImpl' is not valid on this declaration type. It is only valid on 'constructor, method' declarations. [C:\hft_platform\backtest\hft.orderbook\hft.orderbook.csproj]
C:\hft_platform\backtest\hft.orderbook\OrderBookTypes.cs(447,10): error CS0592: Attribute 'MethodImpl' is not valid on this declaration type. It is only valid on 'constructor, method' declarations. [C:\hft_platform\backtest\hft.orderbook\hft.orderbook.csproj]
C:\hft_platform\backtest\hft.orderbook\OrderBookTypes.cs(450,10): error CS0592: Attribute 'MethodImpl' is not valid on this declaration type. It is only valid on 'constructor, method' declarations. [C:\hft_platform\backtest\hft.orderbook\hft.orderbook.csproj]
C:\hft_platform\backtest\hft.orderbook\OrderBookTypes.cs(453,10): error CS0592: Attribute 'MethodImpl' is not valid on this declaration type. It is only valid on 'constructor, method' declarations. [C:\hft_platform\backtest\hft.orderbook\hft.orderbook.csproj]
C:\hft_platform\backtest\hft.orderbook\PriceLevel.cs(209,10): error CS0592: Attribute 'MethodImpl' is not valid on this declaration type. It is only valid on 'constructor, method' declarations. [C:\hft_platform\backtest\hft.orderbook\hft.orderbook.csproj]
C:\hft_platform\backtest\hft.orderbook\PriceLevel.cs(215,10): error CS0592: Attribute 'MethodImpl' is not valid on this declaration type. It is only valid on 'constructor, method' declarations. [C:\hft_platform\backtest\hft.orderbook\hft.orderbook.csproj]
C:\hft_platform\backtest\hft.orderbook\BinaryLogFormat.cs(51,10): error CS0246: The type or namespace name 'StructLayoutAttribute' could not be found (are you missing a using directive or an assembly reference?) [C:\hft_platform\backtest\hft.orderbook\hft.orderbook.csproj]
C:\hft_platform\backtest\hft.orderbook\BinaryLogFormat.cs(51,10): error CS0246: The type or namespace name 'StructLayout' could not be found (are you missing a using directive or an assembly reference?) [C:\hft_platform\backtest\hft.orderbook\hft.orderbook.csproj]
C:\hft_platform\backtest\hft.orderbook\BinaryLogFormat.cs(51,23): error CS0103: The name 'LayoutKind' does not exist in the current context [C:\hft_platform\backtest\hft.orderbook\hft.orderbook.csproj]
C:\hft_platform\backtest\hft.orderbook\BinaryLogFormat.cs(68,10): error CS0246: The type or namespace name 'StructLayoutAttribute' could not be found (are you missing a using directive or an assembly reference?) [C:\hft_platform\backtest\hft.orderbook\hft.orderbook.csproj]
C:\hft_platform\backtest\hft.orderbook\BinaryLogFormat.cs(68,10): error CS0246: The type or namespace name 'StructLayout' could not be found (are you missing a using directive or an assembly reference?) [C:\hft_platform\backtest\hft.orderbook\hft.orderbook.csproj]
C:\hft_platform\backtest\hft.orderbook\BinaryLogFormat.cs(68,23): error CS0103: The name 'LayoutKind' does not exist in the current context [C:\hft_platform\backtest\hft.orderbook\hft.orderbook.csproj]
    0 Warning(s)
    21 Error(s)

Time Elapsed 00:00:01.64
